[debug] [2023-04-15T21:46:18.542Z] ----------------------------------------------------------------------
[debug] [2023-04-15T21:46:18.544Z] Command:       C:\Program Files\nodejs\node.exe C:\Users\tqsil\AppData\Roaming\npm\node_modules\firebase-tools\lib\bin\firebase.js init
[debug] [2023-04-15T21:46:18.544Z] CLI Version:   11.27.0
[debug] [2023-04-15T21:46:18.545Z] Platform:      win32
[debug] [2023-04-15T21:46:18.545Z] Node Version:  v18.16.0
[debug] [2023-04-15T21:46:18.546Z] Time:          Sat Apr 15 2023 22:46:18 GMT+0100 (Hora de verão da Europa Ocidental)
[debug] [2023-04-15T21:46:18.546Z] ----------------------------------------------------------------------
[debug] 
[debug] [2023-04-15T21:46:18.555Z] > command requires scopes: ["email","openid","https://www.googleapis.com/auth/cloudplatformprojects.readonly","https://www.googleapis.com/auth/firebase","https://www.googleapis.com/auth/cloud-platform"]
[debug] [2023-04-15T21:46:18.556Z] > authorizing via FIREBASE_TOKEN environment variable
[warn] !  Authenticating with `FIREBASE_TOKEN` is deprecated and will be removed in a future major version of `firebase-tools`. Instead, use a service account key with `GOOGLE_APPLICATION_CREDENTIALS`: https://cloud.google.com/docs/authentication/getting-started 
[info] 
     ######## #### ########  ######## ########     ###     ######  ########
     ##        ##  ##     ## ##       ##     ##  ##   ##  ##       ##
     ######    ##  ########  ######   ########  #########  ######  ######
     ##        ##  ##    ##  ##       ##     ## ##     ##       ## ##
     ##       #### ##     ## ######## ########  ##     ##  ######  ########

You're about to initialize a Firebase project in this directory:

  C:\Users\tqsil\Desktop\2022-23\2_Semestre\ADC\AvIndividual\avaliacao_individual

[info] 
=== Project Setup
[info] 
[info] First, let's associate this project directory with a Firebase project.
[info] You can create multiple project aliases by running firebase use --add, 
[info] but for now we'll just set up a default project.
[info] 
[debug] [2023-04-15T21:46:30.629Z] > refreshing access token with scopes: []
[debug] [2023-04-15T21:46:30.630Z] >>> [apiv2][query] POST https://www.googleapis.com/oauth2/v3/token [none]
[debug] [2023-04-15T21:46:30.630Z] >>> [apiv2][body] POST https://www.googleapis.com/oauth2/v3/token [omitted]
[debug] [2023-04-15T21:46:30.796Z] <<< [apiv2][status] POST https://www.googleapis.com/oauth2/v3/token 200
[debug] [2023-04-15T21:46:30.796Z] <<< [apiv2][body] POST https://www.googleapis.com/oauth2/v3/token [omitted]
[debug] [2023-04-15T21:46:30.798Z] >>> [apiv2][query] GET https://firebase.googleapis.com/v1beta1/projects pageSize=100
[debug] [2023-04-15T21:46:31.474Z] <<< [apiv2][status] GET https://firebase.googleapis.com/v1beta1/projects 200
[debug] [2023-04-15T21:46:31.474Z] <<< [apiv2][body] GET https://firebase.googleapis.com/v1beta1/projects [omitted]
[info] i  Using project avaliacao-individual-adc (Avaliacao Individual ADC) 
[info] 
=== Firestore Setup
[debug] [2023-04-15T21:46:32.229Z] >>> [apiv2][query] GET https://serviceusage.googleapis.com/v1/projects/avaliacao-individual-adc/services/firestore.googleapis.com [none]
[debug] [2023-04-15T21:46:32.229Z] >>> [apiv2][(partial)header] GET https://serviceusage.googleapis.com/v1/projects/avaliacao-individual-adc/services/firestore.googleapis.com x-goog-quota-user=projects/avaliacao-individual-adc
[debug] [2023-04-15T21:46:33.148Z] <<< [apiv2][status] GET https://serviceusage.googleapis.com/v1/projects/avaliacao-individual-adc/services/firestore.googleapis.com 200
[debug] [2023-04-15T21:46:33.148Z] <<< [apiv2][body] GET https://serviceusage.googleapis.com/v1/projects/avaliacao-individual-adc/services/firestore.googleapis.com [omitted]
[debug] [2023-04-15T21:46:33.148Z] >>> [apiv2][query] GET https://firestore.googleapis.com/v1/projects/avaliacao-individual-adc/databases/(default) [none]
[debug] [2023-04-15T21:46:33.461Z] <<< [apiv2][status] GET https://firestore.googleapis.com/v1/projects/avaliacao-individual-adc/databases/(default) 200
[debug] [2023-04-15T21:46:33.462Z] <<< [apiv2][body] GET https://firestore.googleapis.com/v1/projects/avaliacao-individual-adc/databases/(default) {"name":"projects/avaliacao-individual-adc/databases/(default)","uid":"4888e5e3-6fe4-43c7-b79f-fb7bb6714fa9","createTime":"2023-04-15T11:31:30.920457Z","updateTime":"2023-04-15T11:31:30.920457Z","locationId":"europe-west6","type":"FIRESTORE_NATIVE","concurrencyMode":"PESSIMISTIC","appEngineIntegrationMode":"DISABLED","keyPrefix":"o","deleteProtectionState":"DELETE_PROTECTION_DISABLED","etag":"IIfsuqHurP4CMLn7/Jnlq/4C"}
[debug] [2023-04-15T21:46:33.462Z] database_type: FIRESTORE_NATIVE
[debug] [2023-04-15T21:46:33.462Z] > command requires scopes: ["email","openid","https://www.googleapis.com/auth/cloudplatformprojects.readonly","https://www.googleapis.com/auth/firebase","https://www.googleapis.com/auth/cloud-platform"]
[debug] [2023-04-15T21:46:33.463Z] > authorizing via FIREBASE_TOKEN environment variable
[warn] !  Authenticating with `FIREBASE_TOKEN` is deprecated and will be removed in a future major version of `firebase-tools`. Instead, use a service account key with `GOOGLE_APPLICATION_CREDENTIALS`: https://cloud.google.com/docs/authentication/getting-started 
[debug] [2023-04-15T21:46:33.463Z] [iam] checking project avaliacao-individual-adc for permissions ["firebase.projects.get"]
[debug] [2023-04-15T21:46:33.464Z] >>> [apiv2][query] POST https://cloudresourcemanager.googleapis.com/v1/projects/avaliacao-individual-adc:testIamPermissions [none]
[debug] [2023-04-15T21:46:33.464Z] >>> [apiv2][(partial)header] POST https://cloudresourcemanager.googleapis.com/v1/projects/avaliacao-individual-adc:testIamPermissions x-goog-quota-user=projects/avaliacao-individual-adc
[debug] [2023-04-15T21:46:33.464Z] >>> [apiv2][body] POST https://cloudresourcemanager.googleapis.com/v1/projects/avaliacao-individual-adc:testIamPermissions {"permissions":["firebase.projects.get"]}
[debug] [2023-04-15T21:46:34.161Z] <<< [apiv2][status] POST https://cloudresourcemanager.googleapis.com/v1/projects/avaliacao-individual-adc:testIamPermissions 200
[debug] [2023-04-15T21:46:34.161Z] <<< [apiv2][body] POST https://cloudresourcemanager.googleapis.com/v1/projects/avaliacao-individual-adc:testIamPermissions {"permissions":["firebase.projects.get"]}
[info] 
[info] Firestore Security Rules allow you to define how and when to allow
[info] requests. You can keep these rules in your project directory
[info] and publish them with firebase deploy.
[info] 
[debug] [2023-04-15T21:46:39.301Z] >>> [apiv2][query] GET https://firebaserules.googleapis.com/v1/projects/avaliacao-individual-adc/releases pageSize=10&pageToken=
[debug] [2023-04-15T21:46:40.079Z] <<< [apiv2][status] GET https://firebaserules.googleapis.com/v1/projects/avaliacao-individual-adc/releases 200
[debug] [2023-04-15T21:46:40.079Z] <<< [apiv2][body] GET https://firebaserules.googleapis.com/v1/projects/avaliacao-individual-adc/releases {"releases":[{"name":"projects/avaliacao-individual-adc/releases/cloud.firestore","rulesetName":"projects/avaliacao-individual-adc/rulesets/c5554586-d060-4136-9937-794271b112d9","createTime":"2023-04-15T11:31:34.520834Z","updateTime":"2023-04-15T19:16:38.935963Z"}]}
[debug] [2023-04-15T21:46:40.079Z] Found ruleset: projects/avaliacao-individual-adc/rulesets/c5554586-d060-4136-9937-794271b112d9
[debug] [2023-04-15T21:46:40.080Z] >>> [apiv2][query] GET https://firebaserules.googleapis.com/v1/projects/avaliacao-individual-adc/rulesets/c5554586-d060-4136-9937-794271b112d9 [none]
[debug] [2023-04-15T21:46:40.782Z] <<< [apiv2][status] GET https://firebaserules.googleapis.com/v1/projects/avaliacao-individual-adc/rulesets/c5554586-d060-4136-9937-794271b112d9 200
[debug] [2023-04-15T21:46:40.782Z] <<< [apiv2][body] GET https://firebaserules.googleapis.com/v1/projects/avaliacao-individual-adc/rulesets/c5554586-d060-4136-9937-794271b112d9 [omitted]
[info] 
[info] Firestore indexes allow you to perform complex queries while
[info] maintaining performance that scales with the size of the result
[info] set. You can keep index definitions in your project directory
[info] and publish them with firebase deploy.
[info] 
[debug] [2023-04-15T21:46:43.532Z] >>> [apiv2][query] GET https://firestore.googleapis.com/v1/projects/avaliacao-individual-adc/databases/(default)/collectionGroups/-/indexes [none]
[debug] [2023-04-15T21:46:43.533Z] >>> [apiv2][query] GET https://firestore.googleapis.com/v1/projects/avaliacao-individual-adc/databases/(default)/collectionGroups/-/fields?filter=indexConfig.usesAncestorConfig=false OR ttlConfig:* [none]
[debug] [2023-04-15T21:46:43.812Z] <<< [apiv2][status] GET https://firestore.googleapis.com/v1/projects/avaliacao-individual-adc/databases/(default)/collectionGroups/-/indexes 200
[debug] [2023-04-15T21:46:43.812Z] <<< [apiv2][body] GET https://firestore.googleapis.com/v1/projects/avaliacao-individual-adc/databases/(default)/collectionGroups/-/indexes {}
[debug] [2023-04-15T21:46:43.831Z] <<< [apiv2][status] GET https://firestore.googleapis.com/v1/projects/avaliacao-individual-adc/databases/(default)/collectionGroups/-/fields?filter=indexConfig.usesAncestorConfig=false OR ttlConfig:* 200
[debug] [2023-04-15T21:46:43.831Z] <<< [apiv2][body] GET https://firestore.googleapis.com/v1/projects/avaliacao-individual-adc/databases/(default)/collectionGroups/-/fields?filter=indexConfig.usesAncestorConfig=false OR ttlConfig:* {"fields":[{"name":"projects/avaliacao-individual-adc/databases/(default)/collectionGroups/__default__/fields/*","indexConfig":{"indexes":[{"queryScope":"COLLECTION","fields":[{"fieldPath":"*","order":"ASCENDING"}],"state":"READY"},{"queryScope":"COLLECTION","fields":[{"fieldPath":"*","order":"DESCENDING"}],"state":"READY"},{"queryScope":"COLLECTION","fields":[{"fieldPath":"*","arrayConfig":"CONTAINS"}],"state":"READY"}]}}]}
[info] 
=== Functions Setup
[debug] [2023-04-15T21:46:43.833Z] > command requires scopes: ["email","openid","https://www.googleapis.com/auth/cloudplatformprojects.readonly","https://www.googleapis.com/auth/firebase","https://www.googleapis.com/auth/cloud-platform"]
[debug] [2023-04-15T21:46:43.833Z] > authorizing via FIREBASE_TOKEN environment variable
[warn] !  Authenticating with `FIREBASE_TOKEN` is deprecated and will be removed in a future major version of `firebase-tools`. Instead, use a service account key with `GOOGLE_APPLICATION_CREDENTIALS`: https://cloud.google.com/docs/authentication/getting-started 
[debug] [2023-04-15T21:46:43.833Z] [iam] checking project avaliacao-individual-adc for permissions ["firebase.projects.get"]
[debug] [2023-04-15T21:46:43.834Z] >>> [apiv2][query] POST https://cloudresourcemanager.googleapis.com/v1/projects/avaliacao-individual-adc:testIamPermissions [none]
[debug] [2023-04-15T21:46:43.834Z] >>> [apiv2][(partial)header] POST https://cloudresourcemanager.googleapis.com/v1/projects/avaliacao-individual-adc:testIamPermissions x-goog-quota-user=projects/avaliacao-individual-adc
[debug] [2023-04-15T21:46:43.834Z] >>> [apiv2][body] POST https://cloudresourcemanager.googleapis.com/v1/projects/avaliacao-individual-adc:testIamPermissions {"permissions":["firebase.projects.get"]}
[debug] [2023-04-15T21:46:44.474Z] <<< [apiv2][status] POST https://cloudresourcemanager.googleapis.com/v1/projects/avaliacao-individual-adc:testIamPermissions 200
[debug] [2023-04-15T21:46:44.474Z] <<< [apiv2][body] POST https://cloudresourcemanager.googleapis.com/v1/projects/avaliacao-individual-adc:testIamPermissions {"permissions":["firebase.projects.get"]}
[debug] [2023-04-15T21:46:44.474Z] >>> [apiv2][query] GET https://serviceusage.googleapis.com/v1/projects/avaliacao-individual-adc/services/cloudfunctions.googleapis.com [none]
[debug] [2023-04-15T21:46:44.475Z] >>> [apiv2][(partial)header] GET https://serviceusage.googleapis.com/v1/projects/avaliacao-individual-adc/services/cloudfunctions.googleapis.com x-goog-quota-user=projects/avaliacao-individual-adc
[debug] [2023-04-15T21:46:44.476Z] >>> [apiv2][query] GET https://serviceusage.googleapis.com/v1/projects/avaliacao-individual-adc/services/runtimeconfig.googleapis.com [none]
[debug] [2023-04-15T21:46:44.476Z] >>> [apiv2][(partial)header] GET https://serviceusage.googleapis.com/v1/projects/avaliacao-individual-adc/services/runtimeconfig.googleapis.com x-goog-quota-user=projects/avaliacao-individual-adc
[debug] [2023-04-15T21:46:45.320Z] <<< [apiv2][status] GET https://serviceusage.googleapis.com/v1/projects/avaliacao-individual-adc/services/runtimeconfig.googleapis.com 200
[debug] [2023-04-15T21:46:45.320Z] <<< [apiv2][body] GET https://serviceusage.googleapis.com/v1/projects/avaliacao-individual-adc/services/runtimeconfig.googleapis.com [omitted]
[debug] [2023-04-15T21:46:45.322Z] <<< [apiv2][status] GET https://serviceusage.googleapis.com/v1/projects/avaliacao-individual-adc/services/cloudfunctions.googleapis.com 200
[debug] [2023-04-15T21:46:45.322Z] <<< [apiv2][body] GET https://serviceusage.googleapis.com/v1/projects/avaliacao-individual-adc/services/cloudfunctions.googleapis.com [omitted]
[info] 
Detected existing codebase(s): default

[info] 
Overwriting codebase default...

[info] +  Wrote functions/package.json 
[info] +  Wrote functions/.eslintrc.js 
[info] +  Wrote functions/index.js 
[info] +  Wrote functions/.gitignore 
[info] 
=== Hosting Setup
[info] 
[info] Your public directory is the folder (relative to your project directory) that
[info] will contain Hosting assets to be uploaded with firebase deploy. If you
[info] have a build process for your assets, use your build's output directory.
[info] 
[debug] [2023-04-15T21:47:24.933Z] >>> [apiv2][query] GET https://www.gstatic.com/firebasejs/releases.json [none]
[debug] [2023-04-15T21:47:25.034Z] <<< [apiv2][status] GET https://www.gstatic.com/firebasejs/releases.json 200
[debug] [2023-04-15T21:47:25.035Z] <<< [apiv2][body] GET https://www.gstatic.com/firebasejs/releases.json {"current":{"version":"9.19.1","browserURL":"https://www.gstatic.com/firebasejs/9.19.1/firebase.js","packageURL":"https://www.gstatic.com/firebasejs/9.19.1/firebase.tgz"},"live":{"version":"9.19","browserURL":"https://www.gstatic.com/firebasejs/live/9.19/firebase.js","packageURL":"https://www.gstatic.com/firebasejs/live/9.19/firebase.tgz"},"components":{"analytics":"https://www.gstatic.com/firebasejs/9.19.1/firebase-analytics.js","app":"https://www.gstatic.com/firebasejs/9.19.1/firebase-app.js","app-check":"https://www.gstatic.com/firebasejs/9.19.1/firebase-app-check.js","auth":"https://www.gstatic.com/firebasejs/9.19.1/firebase-auth.js","auth/cordova":"https://www.gstatic.com/firebasejs/9.19.1/firebase-auth/cordova.js","auth/react-native":"https://www.gstatic.com/firebasejs/9.19.1/firebase-auth/react-native.js","functions":"https://www.gstatic.com/firebasejs/9.19.1/firebase-functions.js","firestore":"https://www.gstatic.com/firebasejs/9.19.1/firebase-firestore.js","firestore/lite":"https://www.gstatic.com/firebasejs/9.19.1/firebase-firestore/lite.js","installations":"https://www.gstatic.com/firebasejs/9.19.1/firebase-installations.js","storage":"https://www.gstatic.com/firebasejs/9.19.1/firebase-storage.js","performance":"https://www.gstatic.com/firebasejs/9.19.1/firebase-performance.js","remote-config":"https://www.gstatic.com/firebasejs/9.19.1/firebase-remote-config.js","messaging":"https://www.gstatic.com/firebasejs/9.19.1/firebase-messaging.js","messaging/sw":"https://www.gstatic.com/firebasejs/9.19.1/firebase-messaging/sw.js","database":"https://www.gstatic.com/firebasejs/9.19.1/firebase-database.js","firestore.memory":"https://www.gstatic.com/firebasejs/9.19.1/firebase-firestore.memory.js"}}
[info] i  Skipping write of public/index.html 
[info] 
[info] i  Didn't detect a .git folder. Assuming C:\Users\tqsil\Desktop\2022-23\2_Semestre\ADC\AvIndividual\avaliacao_individual is the project root. 
[info] i  Authorizing with GitHub to upload your service account to a GitHub repository's secrets store. 
[info] 
[info] Visit this URL on this device to log in:
[info] https://github.com/login/oauth/authorize?client_id=89cf50f02ac6aaed3484&state=181728162&redirect_uri=http%3A%2F%2Flocalhost%3A9005&scope=read%3Auser%20repo%20public_repo
[info] 
[info] Waiting for authentication...
[debug] [2023-04-15T21:47:31.661Z] >>> [apiv2][query] POST https://github.com/login/oauth/access_token [none]
[debug] [2023-04-15T21:47:31.661Z] >>> [apiv2][body] POST https://github.com/login/oauth/access_token [stream]
[debug] [2023-04-15T21:47:32.025Z] <<< [apiv2][status] POST https://github.com/login/oauth/access_token 200
[debug] [2023-04-15T21:47:32.025Z] <<< [apiv2][body] POST https://github.com/login/oauth/access_token {"access_token":"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","token_type":"bearer","scope":"read:user,repo"}
[debug] [2023-04-15T21:47:32.031Z] >>> [apiv2][query] GET https://api.github.com/user [none]
[debug] [2023-04-15T21:47:32.440Z] <<< [apiv2][status] GET https://api.github.com/user 200
[debug] [2023-04-15T21:47:32.440Z] <<< [apiv2][body] GET https://api.github.com/user {"login":"T0mas1t0","id":77698545,"node_id":"MDQ6VXNlcjc3Njk4NTQ1","avatar_url":"https://avatars.githubusercontent.com/u/77698545?v=4","gravatar_id":"","url":"https://api.github.com/users/T0mas1t0","html_url":"https://github.com/T0mas1t0","followers_url":"https://api.github.com/users/T0mas1t0/followers","following_url":"https://api.github.com/users/T0mas1t0/following{/other_user}","gists_url":"https://api.github.com/users/T0mas1t0/gists{/gist_id}","starred_url":"https://api.github.com/users/T0mas1t0/starred{/owner}{/repo}","subscriptions_url":"https://api.github.com/users/T0mas1t0/subscriptions","organizations_url":"https://api.github.com/users/T0mas1t0/orgs","repos_url":"https://api.github.com/users/T0mas1t0/repos","events_url":"https://api.github.com/users/T0mas1t0/events{/privacy}","received_events_url":"https://api.github.com/users/T0mas1t0/received_events","type":"User","site_admin":false,"name":null,"company":null,"blog":"","location":null,"email":null,"hireable":null,"bio":null,"twitter_username":null,"public_repos":5,"public_gists":0,"followers":1,"following":0,"created_at":"2021-01-19T20:41:10Z","updated_at":"2023-04-07T18:23:03Z","private_gists":0,"total_private_repos":5,"owned_private_repos":5,"disk_usage":79658,"collaborators":6,"two_factor_authentication":false,"plan":{"name":"free","space":976562499,"collaborators":0,"private_repos":10000}}
[info] 
[info] +  Success! Logged into GitHub as T0mas1t0 
[info] 
